This is pdfTeX, Version 3.141592653-2.6-1.40.22 (TeX Live 2021) (preloaded format=pdflatex 2021.6.28)  12 JUN 2022 23:49
entering extended mode
 restricted \write18 enabled.
 %&-line parsing enabled.
**AquinoFinal.tex
(./AquinoFinal.tex
LaTeX2e <2020-10-01> patch level 4
L3 programming layer <2021-02-18>
(/usr/local/texlive/2021/texmf-dist/tex/latex/base/report.cls
Document Class: report 2020/04/10 v1.4m Standard LaTeX document class
(/usr/local/texlive/2021/texmf-dist/tex/latex/base/size12.clo
File: size12.clo 2020/04/10 v1.4m Standard LaTeX file (size option)
)
\c@part=\count179
\c@chapter=\count180
\c@section=\count181
\c@subsection=\count182
\c@subsubsection=\count183
\c@paragraph=\count184
\c@subparagraph=\count185
\c@figure=\count186
\c@table=\count187
\abovecaptionskip=\skip47
\belowcaptionskip=\skip48
\bibindent=\dimen138
)
(/usr/local/texlive/2021/texmf-dist/tex/latex/graphics/epsfig.sty
Package: epsfig 2017/06/25 v1.7b (e)psfig emulation (SPQR)

(/usr/local/texlive/2021/texmf-dist/tex/latex/graphics/graphicx.sty
Package: graphicx 2020/09/09 v1.2b Enhanced LaTeX Graphics (DPC,SPQR)

(/usr/local/texlive/2021/texmf-dist/tex/latex/graphics/keyval.sty
Package: keyval 2014/10/28 v1.15 key=value parser (DPC)
\KV@toks@=\toks15
)
(/usr/local/texlive/2021/texmf-dist/tex/latex/graphics/graphics.sty
Package: graphics 2020/08/30 v1.4c Standard LaTeX Graphics (DPC,SPQR)

(/usr/local/texlive/2021/texmf-dist/tex/latex/graphics/trig.sty
Package: trig 2016/01/03 v1.10 sin cos tan (DPC)
)
(/usr/local/texlive/2021/texmf-dist/tex/latex/graphics-cfg/graphics.cfg
File: graphics.cfg 2016/06/04 v1.11 sample graphics configuration
)
Package graphics Info: Driver file: pdftex.def on input line 105.

(/usr/local/texlive/2021/texmf-dist/tex/latex/graphics-def/pdftex.def
File: pdftex.def 2020/10/05 v1.2a Graphics/color driver for pdftex
))
\Gin@req@height=\dimen139
\Gin@req@width=\dimen140
)
\epsfxsize=\dimen141
\epsfysize=\dimen142
)
(./UPBcomsci.sty
UP Baguio Computer Science Special Problem Option Ver. 02.15.2013 
) (./UPBnotations.sty
Using UPB DMCS Notations Style.
\c@definition=\count188
\c@theorem=\count189
) (/usr/local/texlive/2021/texmf-dist/tex/latex/comment/comment.sty
\CommentStream=\write3

Excluding comment 'comment')
(/usr/local/texlive/2021/texmf-dist/tex/latex/amsfonts/amssymb.sty
Package: amssymb 2013/01/14 v3.01 AMS font symbols

(/usr/local/texlive/2021/texmf-dist/tex/latex/amsfonts/amsfonts.sty
Package: amsfonts 2013/01/14 v3.01 Basic AMSFonts support
\@emptytoks=\toks16
\symAMSa=\mathgroup4
\symAMSb=\mathgroup5
LaTeX Font Info:    Redeclaring math symbol \hbar on input line 98.
LaTeX Font Info:    Overwriting math alphabet `\mathfrak' in version `bold'
(Font)                  U/euf/m/n --> U/euf/b/n on input line 106.
))
(/usr/local/texlive/2021/texmf-dist/tex/latex/amsmath/amsmath.sty
Package: amsmath 2020/09/23 v2.17i AMS math features
\@mathmargin=\skip49

For additional information on amsmath, use the `?' option.
(/usr/local/texlive/2021/texmf-dist/tex/latex/amsmath/amstext.sty
Package: amstext 2000/06/29 v2.01 AMS text

(/usr/local/texlive/2021/texmf-dist/tex/latex/amsmath/amsgen.sty
File: amsgen.sty 1999/11/30 v2.0 generic functions
\@emptytoks=\toks17
\ex@=\dimen143
))
(/usr/local/texlive/2021/texmf-dist/tex/latex/amsmath/amsbsy.sty
Package: amsbsy 1999/11/29 v1.2d Bold Symbols
\pmbraise@=\dimen144
)
(/usr/local/texlive/2021/texmf-dist/tex/latex/amsmath/amsopn.sty
Package: amsopn 2016/03/08 v2.02 operator names
)
\inf@bad=\count190
LaTeX Info: Redefining \frac on input line 234.
\uproot@=\count191
\leftroot@=\count192
LaTeX Info: Redefining \overline on input line 399.
\classnum@=\count193
\DOTSCASE@=\count194
LaTeX Info: Redefining \ldots on input line 496.
LaTeX Info: Redefining \dots on input line 499.
LaTeX Info: Redefining \cdots on input line 620.
\Mathstrutbox@=\box47
\strutbox@=\box48
\big@size=\dimen145
LaTeX Font Info:    Redeclaring font encoding OML on input line 743.
LaTeX Font Info:    Redeclaring font encoding OMS on input line 744.
\macc@depth=\count195
\c@MaxMatrixCols=\count196
\dotsspace@=\muskip16
\c@parentequation=\count197
\dspbrk@lvl=\count198
\tag@help=\toks18
\row@=\count199
\column@=\count266
\maxfields@=\count267
\andhelp@=\toks19
\eqnshift@=\dimen146
\alignsep@=\dimen147
\tagshift@=\dimen148
\tagwidth@=\dimen149
\totwidth@=\dimen150
\lineht@=\dimen151
\@envbody=\toks20
\multlinegap=\skip50
\multlinetaggap=\skip51
\mathdisplay@stack=\toks21
LaTeX Info: Redefining \[ on input line 2923.
LaTeX Info: Redefining \] on input line 2924.
)
(/usr/local/texlive/2021/texmf-dist/tex/latex/subfigure/subfigure.sty
Package: subfigure 2002/03/15 v2.1.5 subfigure package
\subfigtopskip=\skip52
\subfigcapskip=\skip53
\subfigcaptopadj=\dimen152
\subfigbottomskip=\skip54
\subfigcapmargin=\dimen153
\subfiglabelskip=\skip55
\c@subfigure=\count268
\c@lofdepth=\count269
\c@subtable=\count270
\c@lotdepth=\count271

****************************************
* Local config file subfigure.cfg used *
****************************************
(/usr/local/texlive/2021/texmf-dist/tex/latex/subfigure/subfigure.cfg)
\subfig@top=\skip56
\subfig@bottom=\skip57
)
(/usr/local/texlive/2021/texmf-dist/tex/latex/hyperref/hyperref.sty
Package: hyperref 2021-02-27 v7.00k Hypertext links for LaTeX

(/usr/local/texlive/2021/texmf-dist/tex/generic/ltxcmds/ltxcmds.sty
Package: ltxcmds 2020-05-10 v1.25 LaTeX kernel commands for general use (HO)
)
(/usr/local/texlive/2021/texmf-dist/tex/generic/iftex/iftex.sty
Package: iftex 2020/03/06 v1.0d TeX engine tests
)
(/usr/local/texlive/2021/texmf-dist/tex/generic/pdftexcmds/pdftexcmds.sty
Package: pdftexcmds 2020-06-27 v0.33 Utility functions of pdfTeX for LuaTeX (HO
)

(/usr/local/texlive/2021/texmf-dist/tex/generic/infwarerr/infwarerr.sty
Package: infwarerr 2019/12/03 v1.5 Providing info/warning/error messages (HO)
)
Package pdftexcmds Info: \pdf@primitive is available.
Package pdftexcmds Info: \pdf@ifprimitive is available.
Package pdftexcmds Info: \pdfdraftmode found.
)
(/usr/local/texlive/2021/texmf-dist/tex/generic/kvsetkeys/kvsetkeys.sty
Package: kvsetkeys 2019/12/15 v1.18 Key value parser (HO)
)
(/usr/local/texlive/2021/texmf-dist/tex/generic/kvdefinekeys/kvdefinekeys.sty
Package: kvdefinekeys 2019-12-19 v1.6 Define keys (HO)
)
(/usr/local/texlive/2021/texmf-dist/tex/generic/pdfescape/pdfescape.sty
Package: pdfescape 2019/12/09 v1.15 Implements pdfTeX's escape features (HO)
)
(/usr/local/texlive/2021/texmf-dist/tex/latex/hycolor/hycolor.sty
Package: hycolor 2020-01-27 v1.10 Color options for hyperref/bookmark (HO)
)
(/usr/local/texlive/2021/texmf-dist/tex/latex/letltxmacro/letltxmacro.sty
Package: letltxmacro 2019/12/03 v1.6 Let assignment for LaTeX macros (HO)
)
(/usr/local/texlive/2021/texmf-dist/tex/latex/auxhook/auxhook.sty
Package: auxhook 2019-12-17 v1.6 Hooks for auxiliary files (HO)
)
(/usr/local/texlive/2021/texmf-dist/tex/latex/kvoptions/kvoptions.sty
Package: kvoptions 2020-10-07 v3.14 Key value format for package options (HO)
)
\@linkdim=\dimen154
\Hy@linkcounter=\count272
\Hy@pagecounter=\count273

(/usr/local/texlive/2021/texmf-dist/tex/latex/hyperref/pd1enc.def
File: pd1enc.def 2021-02-27 v7.00k Hyperref: PDFDocEncoding definition (HO)
Now handling font encoding PD1 ...
... no UTF-8 mapping file for font encoding PD1
)
(/usr/local/texlive/2021/texmf-dist/tex/latex/hyperref/hyperref-langpatches.def
File: hyperref-langpatches.def 2021-02-27 v7.00k Hyperref: patches for babel la
nguages
) (/usr/local/texlive/2021/texmf-dist/tex/generic/intcalc/intcalc.sty
Package: intcalc 2019/12/15 v1.3 Expandable calculations with integers (HO)
)
(/usr/local/texlive/2021/texmf-dist/tex/generic/etexcmds/etexcmds.sty
Package: etexcmds 2019/12/15 v1.7 Avoid name clashes with e-TeX commands (HO)
)
\Hy@SavedSpaceFactor=\count274

(/usr/local/texlive/2021/texmf-dist/tex/latex/hyperref/puenc.def
File: puenc.def 2021-02-27 v7.00k Hyperref: PDF Unicode definition (HO)
Now handling font encoding PU ...
... no UTF-8 mapping file for font encoding PU
)
Package hyperref Info: Hyper figures OFF on input line 4192.
Package hyperref Info: Link nesting OFF on input line 4197.
Package hyperref Info: Hyper index ON on input line 4200.
Package hyperref Info: Plain pages OFF on input line 4207.
Package hyperref Info: Backreferencing OFF on input line 4212.
Package hyperref Info: Implicit mode ON; LaTeX internals redefined.
Package hyperref Info: Bookmarks ON on input line 4445.
\c@Hy@tempcnt=\count275

(/usr/local/texlive/2021/texmf-dist/tex/latex/url/url.sty
\Urlmuskip=\muskip17
Package: url 2013/09/16  ver 3.4  Verb mode for urls, etc.
)
LaTeX Info: Redefining \url on input line 4804.
\XeTeXLinkMargin=\dimen155

(/usr/local/texlive/2021/texmf-dist/tex/generic/bitset/bitset.sty
Package: bitset 2019/12/09 v1.3 Handle bit-vector datatype (HO)

(/usr/local/texlive/2021/texmf-dist/tex/generic/bigintcalc/bigintcalc.sty
Package: bigintcalc 2019/12/15 v1.5 Expandable calculations on big integers (HO
)
))
\Fld@menulength=\count276
\Field@Width=\dimen156
\Fld@charsize=\dimen157
Package hyperref Info: Hyper figures OFF on input line 6075.
Package hyperref Info: Link nesting OFF on input line 6080.
Package hyperref Info: Hyper index ON on input line 6083.
Package hyperref Info: backreferencing OFF on input line 6090.
Package hyperref Info: Link coloring OFF on input line 6095.
Package hyperref Info: Link coloring with OCG OFF on input line 6100.
Package hyperref Info: PDF/A mode OFF on input line 6105.
LaTeX Info: Redefining \ref on input line 6145.
LaTeX Info: Redefining \pageref on input line 6149.

(/usr/local/texlive/2021/texmf-dist/tex/latex/base/atbegshi-ltx.sty
Package: atbegshi-ltx 2020/08/17 v1.0a Emulation of the original atbegshi packa
ge
with kernel methods
)
\Hy@abspage=\count277
\c@Item=\count278
\c@Hfootnote=\count279
)
Package hyperref Info: Driver (autodetected): hpdftex.

(/usr/local/texlive/2021/texmf-dist/tex/latex/hyperref/hpdftex.def
File: hpdftex.def 2021-02-27 v7.00k Hyperref driver for pdfTeX

(/usr/local/texlive/2021/texmf-dist/tex/latex/base/atveryend-ltx.sty
Package: atveryend-ltx 2020/08/19 v1.0a Emulation of the original atvery packag
e
with kernel methods
)
\Fld@listcount=\count280
\c@bookmark@seq@number=\count281

(/usr/local/texlive/2021/texmf-dist/tex/latex/rerunfilecheck/rerunfilecheck.sty
Package: rerunfilecheck 2019/12/05 v1.9 Rerun checks for auxiliary files (HO)

(/usr/local/texlive/2021/texmf-dist/tex/generic/uniquecounter/uniquecounter.sty
Package: uniquecounter 2019/12/15 v1.4 Provide unlimited unique counter (HO)
)
Package uniquecounter Info: New unique counter `rerunfilecheck' on input line 2
86.
)
\Hy@SectionHShift=\skip58
) (/usr/local/texlive/2021/texmf-dist/tex/latex/float/float.sty
Package: float 2001/11/08 v1.3d Float enhancements (AL)
\c@float@type=\count282
\float@exts=\toks22
\float@box=\box49
\@float@everytoks=\toks23
\@floatcapt=\box50
)
(/usr/local/texlive/2021/texmf-dist/tex/latex/moreverb/moreverb.sty
Package: moreverb 2008/06/03 v2.3a `more' verbatim facilities

(/usr/local/texlive/2021/texmf-dist/tex/latex/tools/verbatim.sty
Package: verbatim 2020-07-07 v1.5u LaTeX2e package for verbatim enhancements
\every@verbatim=\toks24
\verbatim@line=\toks25
\verbatim@in@stream=\read2
)
\tab@position=\count283
\tab@size=\count284
\listing@line=\count285
)
(/usr/local/texlive/2021/texmf-dist/tex/latex/tools/longtable.sty
Package: longtable 2020/01/07 v4.13 Multi-page Table package (DPC)
\LTleft=\skip59
\LTright=\skip60
\LTpre=\skip61
\LTpost=\skip62
\LTchunksize=\count286
\LTcapwidth=\dimen158
\LT@head=\box51
\LT@firsthead=\box52
\LT@foot=\box53
\LT@lastfoot=\box54
\LT@cols=\count287
\LT@rows=\count288
\c@LT@tables=\count289
\c@LT@chunks=\count290
\LT@p@ftn=\toks26
)
(/usr/local/texlive/2021/texmf-dist/tex/latex/cite/cite.sty
LaTeX Info: Redefining \cite on input line 302.
LaTeX Info: Redefining \nocite on input line 332.
Package: cite 2015/02/27  v 5.5
)
(/usr/local/texlive/2021/texmf-dist/tex/latex/algorithmicx/algpseudocode.sty
Package: algpseudocode 

(/usr/local/texlive/2021/texmf-dist/tex/latex/base/ifthen.sty
Package: ifthen 2014/09/29 v1.1c Standard LaTeX ifthen package (DPC)
)
(/usr/local/texlive/2021/texmf-dist/tex/latex/algorithmicx/algorithmicx.sty
Package: algorithmicx 2005/04/27 v1.2 Algorithmicx

Document Style algorithmicx 1.2 - a greatly improved `algorithmic' style
\c@ALG@line=\count291
\c@ALG@rem=\count292
\c@ALG@nested=\count293
\ALG@tlm=\skip63
\ALG@thistlm=\skip64
\c@ALG@Lnr=\count294
\c@ALG@blocknr=\count295
\c@ALG@storecount=\count296
\c@ALG@tmpcounter=\count297
\ALG@tmplength=\skip65
)
Document Style - pseudocode environments for use with the `algorithmicx' style
) (/usr/local/texlive/2021/texmf-dist/tex/latex/algorithms/algorithm.sty
Package: algorithm 2009/08/24 v0.1 Document Style `algorithm' - floating enviro
nment
\@float@every@algorithm=\toks27
\c@algorithm=\count298
)
(/usr/local/texlive/2021/texmf-dist/tex/latex/l3backend/l3backend-pdftex.def
File: l3backend-pdftex.def 2021-03-18 L3 backend support: PDF output (pdfTeX)
\l__color_backend_stack_int=\count299
\l__pdf_internal_box=\box55
)
(./AquinoFinal.aux (./publicannounce.aux) (./intro.aux) (./chap2.aux)
(./chap3.aux) (./chap4.aux) (./chap5.aux))
\openout1 = `AquinoFinal.aux'.

LaTeX Font Info:    Checking defaults for OML/cmm/m/it on input line 20.
LaTeX Font Info:    ... okay on input line 20.
LaTeX Font Info:    Checking defaults for OMS/cmsy/m/n on input line 20.
LaTeX Font Info:    ... okay on input line 20.
LaTeX Font Info:    Checking defaults for OT1/cmr/m/n on input line 20.
LaTeX Font Info:    ... okay on input line 20.
LaTeX Font Info:    Checking defaults for T1/cmr/m/n on input line 20.
LaTeX Font Info:    ... okay on input line 20.
LaTeX Font Info:    Checking defaults for TS1/cmr/m/n on input line 20.
LaTeX Font Info:    ... okay on input line 20.
LaTeX Font Info:    Checking defaults for OMX/cmex/m/n on input line 20.
LaTeX Font Info:    ... okay on input line 20.
LaTeX Font Info:    Checking defaults for U/cmr/m/n on input line 20.
LaTeX Font Info:    ... okay on input line 20.
LaTeX Font Info:    Checking defaults for PD1/pdf/m/n on input line 20.
LaTeX Font Info:    ... okay on input line 20.
LaTeX Font Info:    Checking defaults for PU/pdf/m/n on input line 20.
LaTeX Font Info:    ... okay on input line 20.

(/usr/local/texlive/2021/texmf-dist/tex/context/base/mkii/supp-pdf.mkii
[Loading MPS to PDF converter (version 2006.09.02).]
\scratchcounter=\count300
\scratchdimen=\dimen159
\scratchbox=\box56
\nofMPsegments=\count301
\nofMParguments=\count302
\everyMPshowfont=\toks28
\MPscratchCnt=\count303
\MPscratchDim=\dimen160
\MPnumerator=\count304
\makeMPintoPDFobject=\count305
\everyMPtoPDFconversion=\toks29
) (/usr/local/texlive/2021/texmf-dist/tex/latex/epstopdf-pkg/epstopdf-base.sty
Package: epstopdf-base 2020-01-24 v2.11 Base part for package epstopdf
Package epstopdf-base Info: Redefining graphics rule for `.eps' on input line 4
85.

(/usr/local/texlive/2021/texmf-dist/tex/latex/latexconfig/epstopdf-sys.cfg
File: epstopdf-sys.cfg 2010/07/13 v1.3 Configuration of (r)epstopdf for TeX Liv
e
))
Package hyperref Info: Link coloring OFF on input line 20.

(/usr/local/texlive/2021/texmf-dist/tex/latex/hyperref/nameref.sty
Package: nameref 2021-04-02 v2.47 Cross-referencing by name of section

(/usr/local/texlive/2021/texmf-dist/tex/latex/refcount/refcount.sty
Package: refcount 2019/12/15 v3.6 Data extraction from label references (HO)
)
(/usr/local/texlive/2021/texmf-dist/tex/generic/gettitlestring/gettitlestring.s
ty
Package: gettitlestring 2019/12/15 v1.6 Cleanup title references (HO)
)
\c@section@level=\count306
)
LaTeX Info: Redefining \ref on input line 20.
LaTeX Info: Redefining \pageref on input line 20.
LaTeX Info: Redefining \nameref on input line 20.
 (./AquinoFinal.out) (./AquinoFinal.out)
\@outlinefile=\write4
\openout4 = `AquinoFinal.out'.

 [1

{/usr/local/texlive/2021/texmf-var/fonts/map/pdftex/updmap/pdftex.map}]
LaTeX Font Info:    Trying to load font information for U+msa on input line 76.


(/usr/local/texlive/2021/texmf-dist/tex/latex/amsfonts/umsa.fd
File: umsa.fd 2013/01/14 v3.01 AMS symbols A
)
LaTeX Font Info:    Trying to load font information for U+msb on input line 76.


(/usr/local/texlive/2021/texmf-dist/tex/latex/amsfonts/umsb.fd
File: umsb.fd 2013/01/14 v3.01 AMS symbols B
) [2]
\openout2 = `publicannounce.aux'.


No file publicannounce.tex.
(./AquinoFinal.toc [3




]
Overfull \hbox (2.34161pt too wide) detected at line 47
\OT1/cmr/m/n/12 Appendix A. 
 []


Overfull \hbox (1.85413pt too wide) detected at line 48
\OT1/cmr/m/n/12 Appendix B. 
 []


Overfull \hbox (2.0194pt too wide) detected at line 49
\OT1/cmr/m/n/12 Appendix C. 
 []


Overfull \hbox (2.5069pt too wide) detected at line 50
\OT1/cmr/m/n/12 Appendix D. 
 []


Overfull \hbox (1.52774pt too wide) detected at line 51
\OT1/cmr/m/n/12 Appendix E. 
 []


Overfull \hbox (1.20135pt too wide) detected at line 52
\OT1/cmr/m/n/12 Appendix F. 
 []

)
\tf@toc=\write5
\openout5 = `AquinoFinal.toc'.

 [4]
Underfull \hbox (badness 2680) in paragraph at lines 83--84
\OT1/cmr/m/n/12 Now, I have de-cided to stand up and fin-ish the tasks I should
 be do-ing.
 []

[5

] [6

] (./AquinoFinal.lot)
\tf@lot=\write6
\openout6 = `AquinoFinal.lot'.

 [7

] (./AquinoFinal.lof [8

])
\tf@lof=\write7
\openout7 = `AquinoFinal.lof'.

 [9]
\openout2 = `intro.aux'.

 (./intro.tex
Chapter 1.
[1


] [2]) [3]
\openout2 = `chap2.aux'.

 (./chap2.tex
Chapter 2.
[4




]

Package amsmath Warning: Foreign command \atopwithdelims;
(amsmath)                \frac or \genfrac should be used instead
(amsmath)                 on input line 42.

[5]
<Illustrations/undirected.png, id=485, 576.65437pt x 348.55219pt>
File: Illustrations/undirected.png Graphic file (type png)
<use Illustrations/undirected.png>
Package pdftex.def Info: Illustrations/undirected.png  used on input line 55.
(pdftex.def)             Requested size: 288.32648pt x 174.27565pt.
<Illustrations/directedd.png, id=490, 353.82187pt x 235.63031pt>
File: Illustrations/directedd.png Graphic file (type png)
<use Illustrations/directedd.png>
Package pdftex.def Info: Illustrations/directedd.png  used on input line 63.
(pdftex.def)             Requested size: 176.91049pt x 117.81487pt.
File: Illustrations/undirected.png Graphic file (type png)
<use Illustrations/undirected.png>
Package pdftex.def Info: Illustrations/undirected.png  used on input line 72.
(pdftex.def)             Requested size: 288.32648pt x 174.27565pt.
 [6pdfTeX warning (ext4): destination with the same identifier (name{figure.2.1
}) has been already used, duplicate ignored
<argument> ...shipout:D \box_use:N \l_shipout_box 
                                                  
l.75 \end{figure}
                 pdfTeX warning (ext4): destination with the same identifier (n
ame{figure.2.2}) has been already used, duplicate ignored
<argument> ...shipout:D \box_use:N \l_shipout_box 
                                                  
l.75 \end{figure}
                  <./Illustrations/undirected.png> <./Illustrations/directedd.p
ng>]
<Illustrations/Complete.png, id=502, 341.77687pt x 234.8775pt>
File: Illustrations/Complete.png Graphic file (type png)
<use Illustrations/Complete.png>
Package pdftex.def Info: Illustrations/Complete.png  used on input line 81.
(pdftex.def)             Requested size: 170.88802pt x 117.43846pt.
 [7pdfTeX warning (ext4): destination with the same identifier (name{figure.2.3
}) has been already used, duplicate ignored
<argument> ...shipout:D \box_use:N \l_shipout_box 
                                                  
l.89 
     pdfTeX warning (ext4): destination with the same identifier (name{figure.2
.4}) has been already used, duplicate ignored
<argument> ...shipout:D \box_use:N \l_shipout_box 
                                                  
l.89 
      <./Illustrations/Complete.png>]
<Illustrations/hamiltonian.png, id=517, 316.93407pt x 224.33812pt>
File: Illustrations/hamiltonian.png Graphic file (type png)
<use Illustrations/hamiltonian.png>
Package pdftex.def Info: Illustrations/hamiltonian.png  used on input line 92.
(pdftex.def)             Requested size: 158.46664pt x 112.16878pt.
<Illustrations/Ham_Path.png, id=518, 324.46219pt x 222.8325pt>
File: Illustrations/Ham_Path.png Graphic file (type png)
<use Illustrations/Ham_Path.png>
Package pdftex.def Info: Illustrations/Ham_Path.png  used on input line 100.
(pdftex.def)             Requested size: 162.23068pt x 111.41597pt.
<Illustrations/Ham_Cycle.png, id=519, 317.68687pt x 219.06844pt>
File: Illustrations/Ham_Cycle.png Graphic file (type png)
<use Illustrations/Ham_Cycle.png>
Package pdftex.def Info: Illustrations/Ham_Cycle.png  used on input line 109.
(pdftex.def)             Requested size: 158.84303pt x 109.53394pt.
 [8pdfTeX warning (ext4): destination with the same identifier (name{figure.2.5
}) has been already used, duplicate ignored
<argument> ...shipout:D \box_use:N \l_shipout_box 
                                                  
l.118 ...n cycle \cite{brucato2013traveling}. \par
                                                  pdfTeX warning (ext4): destin
ation with the same identifier (name{figure.2.6}) has been already used, duplic
ate ignored
<argument> ...shipout:D \box_use:N \l_shipout_box 
                                                  
l.118 ...n cycle \cite{brucato2013traveling}. \par
                                                  pdfTeX warning (ext4): destin
ation with the same identifier (name{figure.2.7}) has been already used, duplic
ate ignored
<argument> ...shipout:D \box_use:N \l_shipout_box 
                                                  
l.118 ...n cycle \cite{brucato2013traveling}. \par
                                                   <./Illustrations/hamiltonian
.png> <./Illustrations/Ham_Path.png> <./Illustrations/Ham_Cycle.png>]
File: Illustrations/undirected.png Graphic file (type png)
<use Illustrations/undirected.png>
Package pdftex.def Info: Illustrations/undirected.png  used on input line 124.
(pdftex.def)             Requested size: 288.32648pt x 174.27565pt.
<Illustrations/directed.png, id=533, 533.74406pt x 345.54094pt>
File: Illustrations/directed.png Graphic file (type png)
<use Illustrations/directed.png>
Package pdftex.def Info: Illustrations/directed.png  used on input line 133.
(pdftex.def)             Requested size: 266.87137pt x 172.77003pt.
 [9pdfTeX warning (ext4): destination with the same identifier (name{figure.2.8
}) has been already used, duplicate ignored
<argument> ...shipout:D \box_use:N \l_shipout_box 
                                                  
l.137 
      ] [10pdfTeX warning (ext4): destination with the same identifier (name{fi
gure.2.9}) has been already used, duplicate ignored
<argument> ...shipout:D \box_use:N \l_shipout_box 
                                                  
l.149 
       <./Illustrations/directed.png>]
Package hyperref Info: bookmark level for unknown algorithm defaults to 0 on in
put line 169.
 [11] [12] [13] [14] [15] [16] [17]
<Illustrations/flowchart.png, id=637, 384.38606pt x 569.12625pt>
File: Illustrations/flowchart.png Graphic file (type png)
<use Illustrations/flowchart.png>
Package pdftex.def Info: Illustrations/flowchart.png  used on input line 381.
(pdftex.def)             Requested size: 288.28883pt x 426.84364pt.

[18] [19pdfTeX warning (ext4): destination with the same identifier (name{figur
e.2.10}) has been already used, duplicate ignored
<argument> ...shipout:D \box_use:N \l_shipout_box 
                                                  
l.388 ... Ersoy, Mengying He, and Fulin Wang. \par
                                                   <./Illustrations/flowchart.p
ng>] [20] [21] [22]) [23]
\openout2 = `chap3.aux'.

 (./chap3.tex
Chapter 3.
[24




] [25]
<Illustrations/sampleRep.png, id=696, 496.85625pt x 320.69812pt>
File: Illustrations/sampleRep.png Graphic file (type png)
<use Illustrations/sampleRep.png>
Package pdftex.def Info: Illustrations/sampleRep.png  used on input line 45.
(pdftex.def)             Requested size: 298.11604pt x 192.42035pt.
 [26pdfTeX warning (ext4): destination with the same identifier (name{figure.3.
1}) has been already used, duplicate ignored
<argument> ...shipout:D \box_use:N \l_shipout_box 
                                                  
l.57 $
      A_{5}$ = [ 5 1 6 3 2 4 7 8 9] \par <./Illustrations/sampleRep.png>]
[27] [28pdfTeX warning (ext4): destination with the same identifier (name{table
.3.1}) has been already used, duplicate ignored
<argument> ...shipout:D \box_use:N \l_shipout_box 
                                                  
l.120 
      ] [29] [30pdfTeX warning (ext4): destination with the same identifier (na
me{table.3.2}) has been already used, duplicate ignored
<argument> ...shipout:D \box_use:N \l_shipout_box 
                                                  
l.199 	$
        P_{1}$ = $A_1$ = [ 1 2 3 $|$ 4 5 6 7 $|$ 8 9] \par] [31] [32] [33]
[34] [35] [36] [37pdfTeX warning (ext4): destination with the same identifier (
name{table.3.3}) has been already used, duplicate ignored
<argument> ...shipout:D \box_use:N \l_shipout_box 
                                                  
l.397 ... that was randomly assigned to them. \par
                                                  ] [38] [39] [40]
<Illustrations/Burma14Raw.png, id=813, 421.575pt x 316.18124pt>
File: Illustrations/Burma14Raw.png Graphic file (type png)
<use Illustrations/Burma14Raw.png>
Package pdftex.def Info: Illustrations/Burma14Raw.png  used on input line 495.
(pdftex.def)             Requested size: 135.50761pt x 101.62874pt.
<Illustrations/EIL51Raw.png, id=814, 421.575pt x 316.18124pt>
File: Illustrations/EIL51Raw.png Graphic file (type png)
<use Illustrations/EIL51Raw.png>
Package pdftex.def Info: Illustrations/EIL51Raw.png  used on input line 496.
(pdftex.def)             Requested size: 135.50761pt x 101.62874pt.
<Illustrations/KROB100Raw.png, id=815, 421.575pt x 316.18124pt>
File: Illustrations/KROB100Raw.png Graphic file (type png)
<use Illustrations/KROB100Raw.png>
Package pdftex.def Info: Illustrations/KROB100Raw.png  used on input line 497.
(pdftex.def)             Requested size: 135.50761pt x 101.62874pt.
) [41pdfTeX warning (ext4): destination with the same identifier (name{figure.3
.2}) has been already used, duplicate ignored
<argument> ...shipout:D \box_use:N \l_shipout_box 
                                                  
l.93 \include{chap3}
                     <./Illustrations/Burma14Raw.png (PNG copy)> <./Illustratio
ns/EIL51Raw.png (PNG copy)> <./Illustrations/KROB100Raw.png (PNG copy)>]
[42]
\openout2 = `chap4.aux'.

 (./chap4.tex
Chapter 4.

Overfull \hbox (30.79141pt too wide) in paragraph at lines 18--25
 [] 
 []


Overfull \hbox (30.79141pt too wide) in paragraph at lines 32--39
 [] 
 []


LaTeX Warning: `h' float specifier changed to `ht'.


Overfull \hbox (30.79141pt too wide) in paragraph at lines 51--58
 [] 
 []


LaTeX Warning: `h' float specifier changed to `ht'.


Overfull \hbox (30.79141pt too wide) in paragraph at lines 65--72
 [] 
 []


LaTeX Warning: `h' float specifier changed to `ht'.

[43




pdfTeX warning (ext4): destination with the same identifier (name{table.4.1}) h
as been already used, duplicate ignored
<argument> ...shipout:D \box_use:N \l_shipout_box 
                                                  
l.78 
     ]
Overfull \hbox (30.79141pt too wide) in paragraph at lines 83--90
 [] 
 []


LaTeX Warning: `h' float specifier changed to `ht'.


Overfull \hbox (30.79141pt too wide) in paragraph at lines 97--104
 [] 
 []


LaTeX Warning: `h' float specifier changed to `ht'.


Overfull \hbox (27.63785pt too wide) in paragraph at lines 115--123
 [] 
 []

[44pdfTeX warning (ext4): destination with the same identifier (name{table.4.2}
) has been already used, duplicate ignored
<argument> ...shipout:D \box_use:N \l_shipout_box 
                                                  
l.126 \end{table*}
                  pdfTeX warning (ext4): destination with the same identifier (
name{table.4.3}) has been already used, duplicate ignored
<argument> ...shipout:D \box_use:N \l_shipout_box 
                                                  
l.126 \end{table*}
                  ]

LaTeX Warning: `h' float specifier changed to `ht'.

<Illustrations/SummaryBurma14.png, id=847, 1124.2pt x 843.15pt>
File: Illustrations/SummaryBurma14.png Graphic file (type png)
<use Illustrations/SummaryBurma14.png>
Package pdftex.def Info: Illustrations/SummaryBurma14.png  used on input line 1
32.
(pdftex.def)             Requested size: 135.50761pt x 101.62392pt.
<Illustrations/SummaryEIL51.png, id=848, 1124.2pt x 843.15pt>
File: Illustrations/SummaryEIL51.png Graphic file (type png)
<use Illustrations/SummaryEIL51.png>
Package pdftex.def Info: Illustrations/SummaryEIL51.png  used on input line 133
.
(pdftex.def)             Requested size: 135.50761pt x 101.62392pt.
<Illustrations/SummaryKROB100.png, id=849, 1124.2pt x 843.15pt>
File: Illustrations/SummaryKROB100.png Graphic file (type png)
<use Illustrations/SummaryKROB100.png>
Package pdftex.def Info: Illustrations/SummaryKROB100.png  used on input line 1
34.
(pdftex.def)             Requested size: 135.50761pt x 101.62392pt.
<Illustrations/SummaryAveBurma14.png, id=855, 1124.2pt x 843.15pt>
File: Illustrations/SummaryAveBurma14.png Graphic file (type png)
<use Illustrations/SummaryAveBurma14.png>
Package pdftex.def Info: Illustrations/SummaryAveBurma14.png  used on input lin
e 146.
(pdftex.def)             Requested size: 135.50761pt x 101.62392pt.
<Illustrations/SummaryAveEIL51.png, id=856, 1124.2pt x 843.15pt>
File: Illustrations/SummaryAveEIL51.png Graphic file (type png)
<use Illustrations/SummaryAveEIL51.png>
Package pdftex.def Info: Illustrations/SummaryAveEIL51.png  used on input line 
147.
(pdftex.def)             Requested size: 135.50761pt x 101.62392pt.
<Illustrations/SummaryAveKROB100.png, id=857, 1124.2pt x 843.15pt>
File: Illustrations/SummaryAveKROB100.png Graphic file (type png)
<use Illustrations/SummaryAveKROB100.png>
Package pdftex.def Info: Illustrations/SummaryAveKROB100.png  used on input lin
e 148.
(pdftex.def)             Requested size: 135.50761pt x 101.62392pt.
[45pdfTeX warning (ext4): destination with the same identifier (name{table.4.4}
) has been already used, duplicate ignored
<argument> ...shipout:D \box_use:N \l_shipout_box 
                                                  
l.156 
      pdfTeX warning (ext4): destination with the same identifier (name{table.4
.5}) has been already used, duplicate ignored
<argument> ...shipout:D \box_use:N \l_shipout_box 
                                                  
l.156 
      pdfTeX warning (ext4): destination with the same identifier (name{figure.
4.1}) has been already used, duplicate ignored
<argument> ...shipout:D \box_use:N \l_shipout_box 
                                                  
l.156 
       <./Illustrations/SummaryBurma14.png (PNG copy)> <./Illustrations/Summary
EIL51.png (PNG copy)> <./Illustrations/SummaryKROB100.png (PNG copy)>]
<Illustrations/Burma14Op.png, id=867, 1124.2pt x 843.15pt>
File: Illustrations/Burma14Op.png Graphic file (type png)
<use Illustrations/Burma14Op.png>
Package pdftex.def Info: Illustrations/Burma14Op.png  used on input line 162.
(pdftex.def)             Requested size: 135.50761pt x 101.62392pt.
<Illustrations/EIL51.png, id=868, 1124.2pt x 843.15pt>
File: Illustrations/EIL51.png Graphic file (type png)
<use Illustrations/EIL51.png>
Package pdftex.def Info: Illustrations/EIL51.png  used on input line 163.
(pdftex.def)             Requested size: 135.50761pt x 101.62392pt.
<Illustrations/KROB100.png, id=869, 1124.2pt x 843.15pt>
File: Illustrations/KROB100.png Graphic file (type png)
<use Illustrations/KROB100.png>
Package pdftex.def Info: Illustrations/KROB100.png  used on input line 164.
(pdftex.def)             Requested size: 135.50761pt x 101.62392pt.
)
[46pdfTeX warning (ext4): destination with the same identifier (name{table.4.6}
) has been already used, duplicate ignored
<argument> ...shipout:D \box_use:N \l_shipout_box 
                                                  
l.94 \include{chap4}
                    pdfTeX warning (ext4): destination with the same identifier
 (name{table.4.7}) has been already used, duplicate ignored
<argument> ...shipout:D \box_use:N \l_shipout_box 
                                                  
l.94 \include{chap4}
                    ] [47pdfTeX warning (ext4): destination with the same ident
ifier (name{figure.4.2}) has been already used, duplicate ignored
<argument> ...shipout:D \box_use:N \l_shipout_box 
                                                  
l.94 \include{chap4}
                    pdfTeX warning (ext4): destination with the same identifier
 (name{figure.4.3}) has been already used, duplicate ignored
<argument> ...shipout:D \box_use:N \l_shipout_box 
                                                  
l.94 \include{chap4}
                     <./Illustrations/SummaryAveBurma14.png (PNG copy)> <./Illu
strations/SummaryAveEIL51.png (PNG copy)> <./Illustrations/SummaryAveKROB100.pn
g (PNG copy)> <./Illustrations/Burma14Op.png (PNG copy)> <./Illustrations/EIL51
.png (PNG copy)> <./Illustrations/KROB100.png (PNG copy)>]
\openout2 = `chap5.aux'.

 (./chap5.tex
Chapter 5.
) [48




] (./AquinoFinal.bbl [49



] [50] [51] [52]) (./appendix.tex [53]
Appendix A.
[54

] [55] [56] [57] [58] [59]) (./appendix1.tex [60pdfTeX warning (ext4): destinat
ion with the same identifier (name{table.A.3}) has been already used, duplicate
 ignored
<argument> ...shipout:D \box_use:N \l_shipout_box 
                                                  
l.1 \chapter
            {Illustrations for the raw map}]
Appendix B.
File: Illustrations/Burma14Raw.png Graphic file (type png)
<use Illustrations/Burma14Raw.png>
Package pdftex.def Info: Illustrations/Burma14Raw.png  used on input line 6.
(pdftex.def)             Requested size: 421.57396pt x 316.18047pt.
File: Illustrations/EIL51Raw.png Graphic file (type png)
<use Illustrations/EIL51Raw.png>
Package pdftex.def Info: Illustrations/EIL51Raw.png  used on input line 13.
(pdftex.def)             Requested size: 421.57396pt x 316.18047pt.
[61

pdfTeX warning (ext4): destination with the same identifier (name{figure.B.1}) 
has been already used, duplicate ignored
<argument> ...shipout:D \box_use:N \l_shipout_box 
                                                  
l.17 
     ]
File: Illustrations/KROB100Raw.png Graphic file (type png)
<use Illustrations/KROB100Raw.png>
Package pdftex.def Info: Illustrations/KROB100Raw.png  used on input line 20.
(pdftex.def)             Requested size: 421.57396pt x 316.18047pt.
) (./appendix2.tex [62pdfTeX warning (ext4): destination with the same identifi
er (name{figure.B.2}) has been already used, duplicate ignored
<argument> ...shipout:D \box_use:N \l_shipout_box 
                                                  
l.1 \chapter
            {Illustration of the best path lengths}] [63pdfTeX warning (ext4): 
destination with the same identifier (name{figure.B.3}) has been already used, 
duplicate ignored
<argument> ...shipout:D \box_use:N \l_shipout_box 
                                                  
l.1 \chapter
            {Illustration of the best path lengths}]
Appendix C.
File: Illustrations/Burma14Op.png Graphic file (type png)
<use Illustrations/Burma14Op.png>
Package pdftex.def Info: Illustrations/Burma14Op.png  used on input line 6.
(pdftex.def)             Requested size: 449.67204pt x 337.25401pt.
File: Illustrations/EIL51.png Graphic file (type png)
<use Illustrations/EIL51.png>
Package pdftex.def Info: Illustrations/EIL51.png  used on input line 13.
(pdftex.def)             Requested size: 449.67204pt x 337.25401pt.
[64

pdfTeX warning (ext4): destination with the same identifier (name{figure.C.1}) 
has been already used, duplicate ignored
<argument> ...shipout:D \box_use:N \l_shipout_box 
                                                  
l.17 
     ]
File: Illustrations/KROB100.png Graphic file (type png)
<use Illustrations/KROB100.png>
Package pdftex.def Info: Illustrations/KROB100.png  used on input line 20.
(pdftex.def)             Requested size: 449.67204pt x 337.25401pt.
) (./appendix3.tex [65pdfTeX warning (ext4): destination with the same identifi
er (name{figure.C.2}) has been already used, duplicate ignored
<argument> ...shipout:D \box_use:N \l_shipout_box 
                                                  
l.1 \chapter
            {Graph of best path lengths per generation}] [66pdfTeX warning (ext
4): destination with the same identifier (name{figure.C.3}) has been already us
ed, duplicate ignored
<argument> ...shipout:D \box_use:N \l_shipout_box 
                                                  
l.1 \chapter
            {Graph of best path lengths per generation}]
Appendix D.
File: Illustrations/SummaryBurma14.png Graphic file (type png)
<use Illustrations/SummaryBurma14.png>
Package pdftex.def Info: Illustrations/SummaryBurma14.png  used on input line 7
.
(pdftex.def)             Requested size: 449.67204pt x 337.25401pt.
File: Illustrations/SummaryEIL51.png Graphic file (type png)
<use Illustrations/SummaryEIL51.png>
Package pdftex.def Info: Illustrations/SummaryEIL51.png  used on input line 14.

(pdftex.def)             Requested size: 449.67204pt x 337.25401pt.
[67

pdfTeX warning (ext4): destination with the same identifier (name{figure.D.1}) 
has been already used, duplicate ignored
<argument> ...shipout:D \box_use:N \l_shipout_box 
                                                  
l.18 
     ]
File: Illustrations/SummaryKROB100.png Graphic file (type png)
<use Illustrations/SummaryKROB100.png>
Package pdftex.def Info: Illustrations/SummaryKROB100.png  used on input line 2
1.
(pdftex.def)             Requested size: 449.67204pt x 337.25401pt.
) (./appendix4.tex [68pdfTeX warning (ext4): destination with the same identifi
er (name{figure.D.2}) has been already used, duplicate ignored
<argument> ...shipout:D \box_use:N \l_shipout_box 
                                                  
l.1 \chapter
            {Graph of average lengths per generation}] [69pdfTeX warning (ext4)
: destination with the same identifier (name{figure.D.3}) has been already used
, duplicate ignored
<argument> ...shipout:D \box_use:N \l_shipout_box 
                                                  
l.1 \chapter
            {Graph of average lengths per generation}]
Appendix E.
File: Illustrations/SummaryAveBurma14.png Graphic file (type png)
<use Illustrations/SummaryAveBurma14.png>
Package pdftex.def Info: Illustrations/SummaryAveBurma14.png  used on input lin
e 6.
(pdftex.def)             Requested size: 449.67204pt x 337.25401pt.
File: Illustrations/SummaryAveEIL51.png Graphic file (type png)
<use Illustrations/SummaryAveEIL51.png>
Package pdftex.def Info: Illustrations/SummaryAveEIL51.png  used on input line 
13.
(pdftex.def)             Requested size: 449.67204pt x 337.25401pt.
[70

pdfTeX warning (ext4): destination with the same identifier (name{figure.E.1}) 
has been already used, duplicate ignored
<argument> ...shipout:D \box_use:N \l_shipout_box 
                                                  
l.17 
     ]
File: Illustrations/SummaryAveKROB100.png Graphic file (type png)
<use Illustrations/SummaryAveKROB100.png>
Package pdftex.def Info: Illustrations/SummaryAveKROB100.png  used on input lin
e 20.
(pdftex.def)             Requested size: 449.67204pt x 337.25401pt.
) (./code.tex [71pdfTeX warning (ext4): destination with the same identifier (n
ame{figure.E.2}) has been already used, duplicate ignored
<argument> ...shipout:D \box_use:N \l_shipout_box 
                                                  
l.1 \chapter
            {Source Code}] [72pdfTeX warning (ext4): destination with the same 
identifier (name{figure.E.3}) has been already used, duplicate ignored
<argument> ...shipout:D \box_use:N \l_shipout_box 
                                                  
l.1 \chapter
            {Source Code}]
Appendix F.

Overfull \hbox (54.06976pt too wide) in paragraph at lines 31--31
[]\OT1/cmtt/m/n/8 dataArray = textscan(fileID, formatSpec, 'Delimiter', delimit
er, 'MultipleDelimsAsOne', true,  'ReturnOnError', false);[] 
 []

[73

] [74] [75] [76] [77] [78]
Overfull \hbox (49.8197pt too wide) in paragraph at lines 299--299
[]\OT1/cmtt/m/n/8 fit(1,y)= fit(1,y) + ((b(offspring(y,x)) - b(offspring(y,1)))
^(2) + (c(offspring(y,x)) - c (offspring(y,1)))^2)^(0.5);[] 
 []


Overfull \hbox (83.82019pt too wide) in paragraph at lines 301--301
[]\OT1/cmtt/m/n/8 fit(1,y)= fit(1,y) + ((b(offspring(y,x)) - b(offspring(y,(x+1
))))^(2) + (c(offspring(y,x)) - c (offspring(y,(x+1))))^2)^(0.5);[] 
 []

[79]
Overfull \hbox (49.8197pt too wide) in paragraph at lines 359--359
[]\OT1/cmtt/m/n/8 fit(1,y)= fit(1,y) + ((b(offspring(y,x)) - b(offspring(y,1)))
^(2) + (c(offspring(y,x)) - c (offspring(y,1)))^2)^(0.5);[] 
 []


Overfull \hbox (83.82019pt too wide) in paragraph at lines 361--361
[]\OT1/cmtt/m/n/8 fit(1,y)= fit(1,y) + ((b(offspring(y,x)) - b(offspring(y,(x+1
))))^(2) + (c(offspring(y,x)) - c (offspring(y,(x+1))))^2)^(0.5);[] 
 []

[80]) [81] (./AquinoFinal.aux (./publicannounce.aux) (./intro.aux) (./chap2.aux
) (./chap3.aux) (./chap4.aux) (./chap5.aux))
Package rerunfilecheck Info: File `AquinoFinal.out' has not changed.
(rerunfilecheck)             Checksum: 9C72FF30B73805B0E45A299E2792AAFB;8893.
 ) 
Here is how much of TeX's memory you used:
 10859 strings out of 478994
 157629 string characters out of 5858184
 482321 words of memory out of 5000000
 27830 multiletter control sequences out of 15000+600000
 414921 words of font info for 69 fonts, out of 8000000 for 9000
 1141 hyphenation exceptions out of 8191
 83i,10n,88p,1315b,483s stack positions out of 5000i,500n,10000p,200000b,80000s
</usr/local/texlive/2021/texmf-dist/fonts/type1/public/amsfonts/cm/cmbx12.pfb
></usr/local/texlive/2021/texmf-dist/fonts/type1/public/amsfonts/cm/cmbxti10.pf
b></usr/local/texlive/2021/texmf-dist/fonts/type1/public/amsfonts/cm/cmcsc10.pf
b></usr/local/texlive/2021/texmf-dist/fonts/type1/public/amsfonts/cm/cmex10.pfb
></usr/local/texlive/2021/texmf-dist/fonts/type1/public/amsfonts/cm/cmmi12.pfb>
</usr/local/texlive/2021/texmf-dist/fonts/type1/public/amsfonts/cm/cmmi8.pfb></
usr/local/texlive/2021/texmf-dist/fonts/type1/public/amsfonts/cm/cmr12.pfb></us
r/local/texlive/2021/texmf-dist/fonts/type1/public/amsfonts/cm/cmr8.pfb></usr/l
ocal/texlive/2021/texmf-dist/fonts/type1/public/amsfonts/cm/cmsl12.pfb></usr/lo
cal/texlive/2021/texmf-dist/fonts/type1/public/amsfonts/cm/cmsy10.pfb></usr/loc
al/texlive/2021/texmf-dist/fonts/type1/public/amsfonts/cm/cmsy8.pfb></usr/local
/texlive/2021/texmf-dist/fonts/type1/public/amsfonts/cm/cmti12.pfb></usr/local/
texlive/2021/texmf-dist/fonts/type1/public/amsfonts/cm/cmtt8.pfb>
Output written on AquinoFinal.pdf (90 pages, 717575 bytes).
PDF statistics:
 1130 PDF objects out of 1200 (max. 8388607)
 986 compressed objects within 10 object streams
 261 named destinations out of 1000 (max. 500000)
 522 words of extra memory for PDF output out of 10000 (max. 10000000)

